Sending build context to Docker daemon  10.75kB
Step 1/8 : FROM nodered/node-red:latest-12
 ---> a519594642ef
Step 2/8 : USER root
 ---> Using cache
 ---> 42f8f61d13dc
Step 3/8 : RUN apk update && apk add libtool autoconf automake
 ---> Using cache
 ---> 2173504f2290
Step 4/8 : COPY package.json .
 ---> Using cache
 ---> 1ca2ed9cd630
Step 5/8 : COPY ./node-red-contrib-ethr-genaddress /tmp/ethr-genaddress
 ---> Using cache
 ---> 08c81f931fff
Step 6/8 : RUN npm install --unsafe-perm --no-update-notifier --no-fund --only=production
 ---> Running in 290c2f9efe1f
[91mnpm WARN deprecated mkdirp-promise@5.0.1: This package is broken and no longer maintained. 'mkdirp' itself supports promises now, please switch to that.
[0m[91mnpm WARN deprecated multicodec@0.5.7: stable api reached
[0m