0 info it worked if it ends with ok
1 verbose cli [
1 verbose cli   '/usr/local/bin/node',
1 verbose cli   '/usr/local/bin/npm',
1 verbose cli   'start',
1 verbose cli   '--cache',
1 verbose cli   '/data/.npm',
1 verbose cli   '--',
1 verbose cli   '--userDir',
1 verbose cli   '/data',
1 verbose cli   'npm',
1 verbose cli   'start'
1 verbose cli ]
2 info using npm@6.14.6
3 info using node@v12.18.3
4 verbose run-script [ 'prestart', 'start', 'poststart' ]
5 info lifecycle node-red-project@0.0.1~prestart: node-red-project@0.0.1
6 info lifecycle node-red-project@0.0.1~start: node-red-project@0.0.1
7 verbose lifecycle node-red-project@0.0.1~start: unsafe-perm in lifecycle true
8 verbose lifecycle node-red-project@0.0.1~start: PATH: /usr/local/lib/node_modules/npm/node_modules/npm-lifecycle/node-gyp-bin:/usr/src/node-red/node_modules/.bin:/usr/local/sbin:/usr/local/bin:/usr/sbin:/usr/bin:/sbin:/bin
9 verbose lifecycle node-red-project@0.0.1~start: CWD: /usr/src/node-red
10 silly lifecycle node-red-project@0.0.1~start: Args: [ '-c', 'jsipfs daemon & node-red "--userDir" "/data" "npm" "start"' ]
11 silly lifecycle node-red-project@0.0.1~start: Returned: code: 1  signal: null
12 info lifecycle node-red-project@0.0.1~start: Failed to exec start script
13 verbose stack Error: node-red-project@0.0.1 start: `jsipfs daemon & node-red "--userDir" "/data" "npm" "start"`
13 verbose stack Exit status 1
13 verbose stack     at EventEmitter.<anonymous> (/usr/local/lib/node_modules/npm/node_modules/npm-lifecycle/index.js:332:16)
13 verbose stack     at EventEmitter.emit (events.js:315:20)
13 verbose stack     at ChildProcess.<anonymous> (/usr/local/lib/node_modules/npm/node_modules/npm-lifecycle/lib/spawn.js:55:14)
13 verbose stack     at ChildProcess.emit (events.js:315:20)
13 verbose stack     at maybeClose (internal/child_process.js:1021:16)
13 verbose stack     at Process.ChildProcess._handle.onexit (internal/child_process.js:286:5)
14 verbose pkgid node-red-project@0.0.1
15 verbose cwd /usr/src/node-red
16 verbose Linux 5.4.0-53-generic
17 verbose argv "/usr/local/bin/node" "/usr/local/bin/npm" "start" "--cache" "/data/.npm" "--" "--userDir" "/data" "npm" "start"
18 verbose node v12.18.3
19 verbose npm  v6.14.6
20 error code ELIFECYCLE
21 error errno 1
22 error node-red-project@0.0.1 start: `jsipfs daemon & node-red "--userDir" "/data" "npm" "start"`
22 error Exit status 1
23 error Failed at the node-red-project@0.0.1 start script.
23 error This is probably not a problem with npm. There is likely additional logging output above.
24 verbose exit [ 1, true ]
